<?xml version="1.0" encoding="UTF-8"?>
<!-- Generated by org.testng.reporters.JUnitXMLReporter -->
<testsuite ignored="0" hostname="DESKTOP-33E6G8O" failures="0" tests="10" name="restassuredtest" time="12.377" errors="0" timestamp="13 Aug 2019 16:12:35 GMT">
  <testcase classname="myProject.RestAssured1" name="GetWeatherDetails" time="3.804"/>
  <testcase classname="myProject.Restsingleget" name="getsingle" time="0.53"/>
  <testcase classname="myProject.Restsingleget" name="getsingle1" time="0.491"/>
  <testcase classname="myProject.Datadriven" name="getinfo" time="0.955"/>
  <testcase classname="myProject.Datadriven" name="getinfo" time="0.858"/>
  <testcase classname="myProject.Datadriven" name="getinfo" time="0.837"/>
  <testcase classname="myProject.Restassured" name="RegistrationSuccessful" time="0.821"/>
  <testcase classname="myProject.Example" name="postaddinfo" time="0.782"/>
  <testcase classname="myProject.Example" name="postaddinfo" time="0.783"/>
  <testcase classname="myProject.Example" name="postaddinfo" time="0.843"/>
</testsuite> <!-- restassuredtest -->
