<?xml version="1.0" encoding="UTF-8"?>
<!-- Generated by org.testng.reporters.JUnitXMLReporter -->
<testsuite ignored="0" hostname="DESKTOP-33E6G8O" failures="0" tests="10" name="restassuredtest" time="18.019" errors="0" timestamp="12 Aug 2019 14:30:48 GMT">
  <testcase classname="myProject.RestAssured1" name="GetWeatherDetails" time="7.661"/>
  <testcase classname="myProject.Restsingleget" name="getsingle" time="0.316"/>
  <testcase classname="myProject.Restsingleget" name="getsingle1" time="0.424"/>
  <testcase classname="myProject.Datadriven" name="getinfo" time="1.279"/>
  <testcase classname="myProject.Datadriven" name="getinfo" time="0.885"/>
  <testcase classname="myProject.Datadriven" name="getinfo" time="0.813"/>
  <testcase classname="myProject.Restassured" name="RegistrationSuccessful" time="0.752"/>
  <testcase classname="myProject.Example" name="postaddinfo" time="0.719"/>
  <testcase classname="myProject.Example" name="postaddinfo" time="1.22"/>
  <testcase classname="myProject.Example" name="postaddinfo" time="0.757"/>
</testsuite> <!-- restassuredtest -->
