<?xml version="1.0" encoding="UTF-8"?>
<!-- Generated by org.testng.reporters.JUnitXMLReporter -->
<testsuite ignored="0" hostname="DESKTOP-33E6G8O" failures="0" tests="10" name="restassuredtest" time="14.328" errors="0" timestamp="15 Aug 2019 08:17:37 GMT">
  <testcase classname="myProject.RestAssured1" name="GetWeatherDetails" time="4.953"/>
  <testcase classname="myProject.Restsingleget" name="getsingle" time="0.843"/>
  <testcase classname="myProject.Restsingleget" name="getsingle1" time="1.266"/>
  <testcase classname="myProject.Datadriven" name="getinfo" time="0.672"/>
  <testcase classname="myProject.Datadriven" name="getinfo" time="0.625"/>
  <testcase classname="myProject.Datadriven" name="getinfo" time="0.624"/>
  <testcase classname="myProject.Restassured" name="RegistrationSuccessful" time="0.657"/>
  <testcase classname="myProject.Example" name="postaddinfo" time="0.609"/>
  <testcase classname="myProject.Example" name="postaddinfo" time="0.937"/>
  <testcase classname="myProject.Example" name="postaddinfo" time="0.657"/>
</testsuite> <!-- restassuredtest -->
