<?xml version="1.0" encoding="UTF-8"?>
<testng-results ignored="0" total="1" passed="1" failed="0" skipped="0">
  <reporter-output>
  </reporter-output>
  <suite started-at="2019-08-12T16:57:36Z" name="Default suite" finished-at="2019-08-12T16:57:40Z" duration-ms="4266">
    <groups>
    </groups>
    <test started-at="2019-08-12T16:57:36Z" name="Default test" finished-at="2019-08-12T16:57:40Z" duration-ms="4266">
      <class name="myProject.RestAssured1">
        <test-method signature="GetWeatherDetails()[pri:0, instance:myProject.RestAssured1@6ff29830]" started-at="2019-08-12T16:57:36Z" name="GetWeatherDetails" finished-at="2019-08-12T16:57:40Z" duration-ms="4203" status="PASS">
          <reporter-output>
          </reporter-output>
        </test-method> <!-- GetWeatherDetails -->
      </class> <!-- myProject.RestAssured1 -->
    </test> <!-- Default test -->
  </suite> <!-- Default suite -->
</testng-results>
